<?xml version="1.0" encoding="UTF-8"?>
<!-- Generated by org.testng.reporters.JUnitReportReporter -->
<testsuite hostname="DESKTOP-4NRJEUC" failures="0" tests="1" name="testcases.Appium_jobseeker" time="460.248" errors="0" timestamp="2022-05-12T11:45:59 IST" skipped="0">
  <testcase classname="testcases.Appium_jobseeker" name="testone" time="460.248"/>
  <system-out/>
</testsuite> <!-- testcases.Appium_jobseeker -->
