<?xml version="1.0" encoding="UTF-8"?>
<!-- Generated by org.testng.reporters.JUnitReportReporter -->
<testsuite hostname="DESKTOP-4NRJEUC" failures="0" tests="1" name="testcases.CompanyAdmin" time="1837.634" errors="0" timestamp="2022-05-20T14:47:12 IST" skipped="0">
  <testcase classname="testcases.CompanyAdmin" name="testone" time="1837.634"/>
  <system-out/>
</testsuite> <!-- testcases.CompanyAdmin -->
